2023-08-06 07:40:19.749708 - Initialized conversion of CBT803
2023-08-06 07:40:20.473386 - Received CBT.V505.FILE803.PDS from FILE803.XMI 
2023-08-06 07:40:20.475870 - Found $$$#DATE.txt (text/plain) in CBT.V505.FILE803.PDS, moved to PDS/$$$#DATE
2023-08-06 07:40:20.476884 - Found $$NOTE1.txt (text/plain) in CBT.V505.FILE803.PDS, moved to PDS/$$NOTE1
2023-08-06 07:40:20.477997 - Found $MACDOC.txt (text/plain) in CBT.V505.FILE803.PDS, moved to PDS/$MACDOC
2023-08-06 07:40:20.478933 - Found $VGET.txt (text/plain) in CBT.V505.FILE803.PDS, moved to PDS/$VGET
2023-08-06 07:40:20.479888 - Found $VPUT.txt (text/plain) in CBT.V505.FILE803.PDS, moved to PDS/$VPUT
2023-08-06 07:40:20.480829 - Found @EDIT.txt (text/plain) in CBT.V505.FILE803.PDS, moved to PDS/@EDIT
2023-08-06 07:40:20.481832 - Found @FILE803.txt (text/plain) in CBT.V505.FILE803.PDS, moved to PDS/@FILE803
2023-08-06 07:40:20.482711 - Found @FTCLOSE.txt (text/plain) in CBT.V505.FILE803.PDS, moved to PDS/@FTCLOSE
2023-08-06 07:40:20.483608 - Found @FTERASE.txt (text/plain) in CBT.V505.FILE803.PDS, moved to PDS/@FTERASE
2023-08-06 07:40:20.484440 - Found @FTINCL.txt (text/plain) in CBT.V505.FILE803.PDS, moved to PDS/@FTINCL
2023-08-06 07:40:20.485286 - Found @FTOPEN.txt (text/plain) in CBT.V505.FILE803.PDS, moved to PDS/@FTOPEN
2023-08-06 07:40:20.486335 - Found @GETMSG.txt (text/plain) in CBT.V505.FILE803.PDS, moved to PDS/@GETMSG
2023-08-06 07:40:20.487218 - Found @LOG.txt (text/plain) in CBT.V505.FILE803.PDS, moved to PDS/@LOG
2023-08-06 07:40:20.488053 - Found @SETMSG.txt (text/plain) in CBT.V505.FILE803.PDS, moved to PDS/@SETMSG
2023-08-06 07:40:20.488874 - Found @TBADD.txt (text/plain) in CBT.V505.FILE803.PDS, moved to PDS/@TBADD
2023-08-06 07:40:20.489860 - Found @TBBOTTO.txt (text/plain) in CBT.V505.FILE803.PDS, moved to PDS/@TBBOTTO
2023-08-06 07:40:20.490747 - Found @TBCLOSE.txt (text/plain) in CBT.V505.FILE803.PDS, moved to PDS/@TBCLOSE
2023-08-06 07:40:20.491789 - Found @TBCREAT.txt (text/plain) in CBT.V505.FILE803.PDS, moved to PDS/@TBCREAT
2023-08-06 07:40:20.492748 - Found @TBDISPL.txt (text/plain) in CBT.V505.FILE803.PDS, moved to PDS/@TBDISPL
2023-08-06 07:40:20.493697 - Found @TBERASE.txt (text/plain) in CBT.V505.FILE803.PDS, moved to PDS/@TBERASE
2023-08-06 07:40:20.494680 - Found @TBGET.txt (text/plain) in CBT.V505.FILE803.PDS, moved to PDS/@TBGET
2023-08-06 07:40:20.495613 - Found @TBMOD.txt (text/plain) in CBT.V505.FILE803.PDS, moved to PDS/@TBMOD
2023-08-06 07:40:20.496561 - Found @TBOPEN.txt (text/plain) in CBT.V505.FILE803.PDS, moved to PDS/@TBOPEN
2023-08-06 07:40:20.497418 - Found @TBPUT.txt (text/plain) in CBT.V505.FILE803.PDS, moved to PDS/@TBPUT
2023-08-06 07:40:20.498383 - Found @TBQUERY.txt (text/plain) in CBT.V505.FILE803.PDS, moved to PDS/@TBQUERY
2023-08-06 07:40:20.499243 - Found @TBSARG.txt (text/plain) in CBT.V505.FILE803.PDS, moved to PDS/@TBSARG
2023-08-06 07:40:20.500053 - Found @TBSAVE.txt (text/plain) in CBT.V505.FILE803.PDS, moved to PDS/@TBSAVE
2023-08-06 07:40:20.500892 - Found @TBSCAN.txt (text/plain) in CBT.V505.FILE803.PDS, moved to PDS/@TBSCAN
2023-08-06 07:40:20.501835 - Found @TBSKIP.txt (text/plain) in CBT.V505.FILE803.PDS, moved to PDS/@TBSKIP
2023-08-06 07:40:20.502852 - Found BROWSE.txt (text/plain) in CBT.V505.FILE803.PDS, moved to PDS/BROWSE
2023-08-06 07:40:20.503799 - Found CONTROL.txt (text/plain) in CBT.V505.FILE803.PDS, moved to PDS/CONTROL
2023-08-06 07:40:20.504798 - Found DISPLAY.txt (text/plain) in CBT.V505.FILE803.PDS, moved to PDS/DISPLAY
2023-08-06 07:40:20.505724 - Found EDIT.txt (text/plain) in CBT.V505.FILE803.PDS, moved to PDS/EDIT
2023-08-06 07:40:20.506635 - Found EDREC.txt (text/plain) in CBT.V505.FILE803.PDS, moved to PDS/EDREC
2023-08-06 07:40:20.507551 - Found FTCLOSE.txt (text/plain) in CBT.V505.FILE803.PDS, moved to PDS/FTCLOSE
2023-08-06 07:40:20.508416 - Found FTERASE.txt (text/plain) in CBT.V505.FILE803.PDS, moved to PDS/FTERASE
2023-08-06 07:40:20.509305 - Found FTINCL.txt (text/plain) in CBT.V505.FILE803.PDS, moved to PDS/FTINCL
2023-08-06 07:40:20.510331 - Found FTOPEN.txt (text/plain) in CBT.V505.FILE803.PDS, moved to PDS/FTOPEN
2023-08-06 07:40:20.511263 - Found GETMSG.txt (text/plain) in CBT.V505.FILE803.PDS, moved to PDS/GETMSG
2023-08-06 07:40:20.512124 - Found GRTERM.txt (text/plain) in CBT.V505.FILE803.PDS, moved to PDS/GRTERM
2023-08-06 07:40:20.513104 - Found ISPEXEC.txt (text/plain) in CBT.V505.FILE803.PDS, moved to PDS/ISPEXEC
2023-08-06 07:40:20.514077 - Found ISPF.txt (text/plain) in CBT.V505.FILE803.PDS, moved to PDS/ISPF
2023-08-06 07:40:20.515045 - Found ISPFREST.txt (text/plain) in CBT.V505.FILE803.PDS, moved to PDS/ISPFREST
2023-08-06 07:40:20.515985 - Found ISPFSUPP.txt (text/plain) in CBT.V505.FILE803.PDS, moved to PDS/ISPFSUPP
2023-08-06 07:40:20.516875 - Found ISREDIT.txt (text/plain) in CBT.V505.FILE803.PDS, moved to PDS/ISREDIT
2023-08-06 07:40:20.517952 - Found LMCLOSE.txt (text/plain) in CBT.V505.FILE803.PDS, moved to PDS/LMCLOSE
2023-08-06 07:40:20.518868 - Found LMERASE.txt (text/plain) in CBT.V505.FILE803.PDS, moved to PDS/LMERASE
2023-08-06 07:40:20.519778 - Found LMFREE.txt (text/plain) in CBT.V505.FILE803.PDS, moved to PDS/LMFREE
2023-08-06 07:40:20.520650 - Found LMGET.txt (text/plain) in CBT.V505.FILE803.PDS, moved to PDS/LMGET
2023-08-06 07:40:20.521552 - Found LMINIT.txt (text/plain) in CBT.V505.FILE803.PDS, moved to PDS/LMINIT
2023-08-06 07:40:20.522423 - Found LMMADD.txt (text/plain) in CBT.V505.FILE803.PDS, moved to PDS/LMMADD
2023-08-06 07:40:20.523369 - Found LMMDEL.txt (text/plain) in CBT.V505.FILE803.PDS, moved to PDS/LMMDEL
2023-08-06 07:40:20.524235 - Found LMMFIND.txt (text/plain) in CBT.V505.FILE803.PDS, moved to PDS/LMMFIND
2023-08-06 07:40:20.525120 - Found LMMLIST.txt (text/plain) in CBT.V505.FILE803.PDS, moved to PDS/LMMLIST
2023-08-06 07:40:20.526049 - Found LMMREN.txt (text/plain) in CBT.V505.FILE803.PDS, moved to PDS/LMMREN
2023-08-06 07:40:20.526926 - Found LMMREP.txt (text/plain) in CBT.V505.FILE803.PDS, moved to PDS/LMMREP
2023-08-06 07:40:20.527795 - Found LMOPEN.txt (text/plain) in CBT.V505.FILE803.PDS, moved to PDS/LMOPEN
2023-08-06 07:40:20.528663 - Found LMPUT.txt (text/plain) in CBT.V505.FILE803.PDS, moved to PDS/LMPUT
2023-08-06 07:40:20.529582 - Found LMQUERY.txt (text/plain) in CBT.V505.FILE803.PDS, moved to PDS/LMQUERY
2023-08-06 07:40:20.530579 - Found LOG.txt (text/plain) in CBT.V505.FILE803.PDS, moved to PDS/LOG
2023-08-06 07:40:20.531455 - Found SELECT.txt (text/plain) in CBT.V505.FILE803.PDS, moved to PDS/SELECT
2023-08-06 07:40:20.532283 - Found SETMSG.txt (text/plain) in CBT.V505.FILE803.PDS, moved to PDS/SETMSG
2023-08-06 07:40:20.533216 - Found TBADD.txt (text/plain) in CBT.V505.FILE803.PDS, moved to PDS/TBADD
2023-08-06 07:40:20.534164 - Found TBBOTTOM.txt (text/plain) in CBT.V505.FILE803.PDS, moved to PDS/TBBOTTOM
2023-08-06 07:40:20.535114 - Found TBCLOSE.txt (text/plain) in CBT.V505.FILE803.PDS, moved to PDS/TBCLOSE
2023-08-06 07:40:20.536037 - Found TBCREATE.txt (text/plain) in CBT.V505.FILE803.PDS, moved to PDS/TBCREATE
2023-08-06 07:40:20.536985 - Found TBDELETE.txt (text/plain) in CBT.V505.FILE803.PDS, moved to PDS/TBDELETE
2023-08-06 07:40:20.537914 - Found TBDISPL.txt (text/plain) in CBT.V505.FILE803.PDS, moved to PDS/TBDISPL
2023-08-06 07:40:20.538794 - Found TBEND.txt (text/plain) in CBT.V505.FILE803.PDS, moved to PDS/TBEND
2023-08-06 07:40:20.539706 - Found TBERASE.txt (text/plain) in CBT.V505.FILE803.PDS, moved to PDS/TBERASE
2023-08-06 07:40:20.540613 - Found TBEXIST.txt (text/plain) in CBT.V505.FILE803.PDS, moved to PDS/TBEXIST
2023-08-06 07:40:20.541596 - Found TBGET.txt (text/plain) in CBT.V505.FILE803.PDS, moved to PDS/TBGET
2023-08-06 07:40:20.542571 - Found TBMOD.txt (text/plain) in CBT.V505.FILE803.PDS, moved to PDS/TBMOD
2023-08-06 07:40:20.543581 - Found TBOPEN.txt (text/plain) in CBT.V505.FILE803.PDS, moved to PDS/TBOPEN
2023-08-06 07:40:20.544497 - Found TBPUT.txt (text/plain) in CBT.V505.FILE803.PDS, moved to PDS/TBPUT
2023-08-06 07:40:20.545448 - Found TBQUERY.txt (text/plain) in CBT.V505.FILE803.PDS, moved to PDS/TBQUERY
2023-08-06 07:40:20.546411 - Found TBSARG.txt (text/plain) in CBT.V505.FILE803.PDS, moved to PDS/TBSARG
2023-08-06 07:40:20.547443 - Found TBSAVE.txt (text/plain) in CBT.V505.FILE803.PDS, moved to PDS/TBSAVE
2023-08-06 07:40:20.548512 - Found TBSCAN.txt (text/plain) in CBT.V505.FILE803.PDS, moved to PDS/TBSCAN
2023-08-06 07:40:20.549565 - Found TBSKIP.txt (text/plain) in CBT.V505.FILE803.PDS, moved to PDS/TBSKIP
2023-08-06 07:40:20.550529 - Found TBSORT.txt (text/plain) in CBT.V505.FILE803.PDS, moved to PDS/TBSORT
2023-08-06 07:40:20.551524 - Found TBSTATS.txt (text/plain) in CBT.V505.FILE803.PDS, moved to PDS/TBSTATS
2023-08-06 07:40:20.552370 - Found TBTOP.txt (text/plain) in CBT.V505.FILE803.PDS, moved to PDS/TBTOP
2023-08-06 07:40:20.553335 - Found TBVCLEAR.txt (text/plain) in CBT.V505.FILE803.PDS, moved to PDS/TBVCLEAR
2023-08-06 07:40:20.554306 - Found VCOPY.txt (text/plain) in CBT.V505.FILE803.PDS, moved to PDS/VCOPY
2023-08-06 07:40:20.555252 - Found VDEFINE.txt (text/plain) in CBT.V505.FILE803.PDS, moved to PDS/VDEFINE
2023-08-06 07:40:20.556187 - Found VDELETE.txt (text/plain) in CBT.V505.FILE803.PDS, moved to PDS/VDELETE
2023-08-06 07:40:20.557117 - Found VGET.txt (text/plain) in CBT.V505.FILE803.PDS, moved to PDS/VGET
2023-08-06 07:40:20.558077 - Found VGETSUB.txt (text/plain) in CBT.V505.FILE803.PDS, moved to PDS/VGETSUB
2023-08-06 07:40:20.559025 - Found VPUT.txt (text/plain) in CBT.V505.FILE803.PDS, moved to PDS/VPUT
2023-08-06 07:40:20.559944 - Found VPUTSUB.txt (text/plain) in CBT.V505.FILE803.PDS, moved to PDS/VPUTSUB
2023-08-06 07:40:20.560878 - Found VREPLACE.txt (text/plain) in CBT.V505.FILE803.PDS, moved to PDS/VREPLACE
2023-08-06 07:40:20.561833 - Found VRESET.txt (text/plain) in CBT.V505.FILE803.PDS, moved to PDS/VRESET
